# JRE version: OpenJDK Runtime Environment (17.0.7) (build 17.0.7+0-b2043.56-10550314)
# Java VM: OpenJDK 64-Bit Server VM (17.0.7+0-b2043.56-10550314, mixed mode, tiered, compressed oops, compressed class ptrs, g1 gc, windows-amd64)
GC Precious Log:
 CPUs: 8 total, 8 available
 Memory: 7103M
 Large Page Support: Disabled
 NUMA Support: Disabled
 Compressed Oops: Enabled (32-bit)
 Heap Region Size: 1M
 Heap Min Capacity: 8M
 Heap Initial Capacity: 112M
 Heap Max Capacity: 2G
 Pre-touch: Disabled
 Parallel Workers: 8
 Concurrent Workers: 2
 Concurrent Refinement Workers: 8
 Periodic GC: Disabled
Heap:
 garbage-first heap   total 114688K, used 76526K [0x0000000080000000, 0x0000000100000000)
  region size 1024K, 12 young (12288K), 3 survivors (3072K)
 Metaspace       used 70024K, committed 70656K, reserved 1114112K
  class space    used 9825K, committed 10112K, reserved 1048576K
GC Heap History (20 events):
Event: 14.622 GC heap before
{Heap before GC invocations=22 (full 0):
 garbage-first heap   total 75776K, used 43495K [0x0000000080000000, 0x0000000100000000)
  region size 1024K, 3 young (3072K), 1 survivors (1024K)
 Metaspace       used 59213K, committed 59776K, reserved 1114112K
  class space    used 8413K, committed 8704K, reserved 1048576K
}
Event: 14.626 GC heap after
{Heap after GC invocations=23 (full 0):
 garbage-first heap   total 75776K, used 44860K [0x0000000080000000, 0x0000000100000000)
  region size 1024K, 3 young (3072K), 3 survivors (3072K)
 Metaspace       used 59213K, committed 59776K, reserved 1114112K
  class space    used 8413K, committed 8704K, reserved 1048576K
}
Event: 14.759 GC heap before
{Heap before GC invocations=24 (full 0):
 garbage-first heap   total 86016K, used 49980K [0x0000000080000000, 0x0000000100000000)
  region size 1024K, 7 young (7168K), 3 survivors (3072K)
 Metaspace       used 59245K, committed 59840K, reserved 1114112K
  class space    used 8416K, committed 8704K, reserved 1048576K
}
Event: 14.762 GC heap after
{Heap after GC invocations=25 (full 0):
 garbage-first heap   total 86016K, used 49966K [0x0000000080000000, 0x0000000100000000)
  region size 1024K, 2 young (2048K), 2 survivors (2048K)
 Metaspace       used 59245K, committed 59840K, reserved 1114112K
  class space    used 8416K, committed 8704K, reserved 1048576K
}
Event: 14.962 GC heap before
{Heap before GC invocations=26 (full 0):
 garbage-first heap   total 96256K, used 59182K [0x0000000080000000, 0x0000000100000000)
  region size 1024K, 8 young (8192K), 2 survivors (2048K)
 Metaspace       used 59355K, committed 59968K, reserved 1114112K
  class space    used 8427K, committed 8704K, reserved 1048576K
}
Event: 14.965 GC heap after
{Heap after GC invocations=27 (full 0):
 garbage-first heap   total 96256K, used 56878K [0x0000000080000000, 0x0000000100000000)
  region size 1024K, 2 young (2048K), 2 survivors (2048K)
 Metaspace       used 59355K, committed 59968K, reserved 1114112K
  class space    used 8427K, committed 8704K, reserved 1048576K
}
Event: 15.205 GC heap before
{Heap before GC invocations=28 (full 0):
 garbage-first heap   total 102400K, used 68142K [0x0000000080000000, 0x0000000100000000)
  region size 1024K, 13 young (13312K), 2 survivors (2048K)
 Metaspace       used 60199K, committed 60800K, reserved 1114112K
  class space    used 8534K, committed 8832K, reserved 1048576K
}
Event: 15.208 GC heap after
{Heap after GC invocations=29 (full 0):
 garbage-first heap   total 102400K, used 58995K [0x0000000080000000, 0x0000000100000000)
  region size 1024K, 2 young (2048K), 2 survivors (2048K)
 Metaspace       used 60199K, committed 60800K, reserved 1114112K
  class space    used 8534K, committed 8832K, reserved 1048576K
}
Event: 15.219 GC heap before
{Heap before GC invocations=29 (full 0):
 garbage-first heap   total 102400K, used 58995K [0x0000000080000000, 0x0000000100000000)
  region size 1024K, 3 young (3072K), 2 survivors (2048K)
 Metaspace       used 60257K, committed 60864K, reserved 1114112K
  class space    used 8536K, committed 8832K, reserved 1048576K
}
Event: 15.221 GC heap after
{Heap after GC invocations=30 (full 0):
 garbage-first heap   total 102400K, used 59182K [0x0000000080000000, 0x0000000100000000)
  region size 1024K, 1 young (1024K), 1 survivors (1024K)
 Metaspace       used 60257K, committed 60864K, reserved 1114112K
  class space    used 8536K, committed 8832K, reserved 1048576K
}
Event: 15.615 GC heap before
{Heap before GC invocations=31 (full 0):
 garbage-first heap   total 107520K, used 75566K [0x0000000080000000, 0x0000000100000000)
  region size 1024K, 16 young (16384K), 1 survivors (1024K)
 Metaspace       used 61604K, committed 62208K, reserved 1114112K
  class space    used 8743K, committed 9024K, reserved 1048576K
}
Event: 15.617 GC heap after
{Heap after GC invocations=32 (full 0):
 garbage-first heap   total 107520K, used 60768K [0x0000000080000000, 0x0000000100000000)
  region size 1024K, 1 young (1024K), 1 survivors (1024K)
 Metaspace       used 61604K, committed 62208K, reserved 1114112K
  class space    used 8743K, committed 9024K, reserved 1048576K
}
Event: 16.058 GC heap before
{Heap before GC invocations=32 (full 0):
 garbage-first heap   total 107520K, used 78176K [0x0000000080000000, 0x0000000100000000)
  region size 1024K, 19 young (19456K), 1 survivors (1024K)
 Metaspace       used 63344K, committed 63936K, reserved 1114112K
  class space    used 8979K, committed 9280K, reserved 1048576K
}
Event: 16.061 GC heap after
{Heap after GC invocations=33 (full 0):
 garbage-first heap   total 107520K, used 61481K [0x0000000080000000, 0x0000000100000000)
  region size 1024K, 2 young (2048K), 2 survivors (2048K)
 Metaspace       used 63344K, committed 63936K, reserved 1114112K
  class space    used 8979K, committed 9280K, reserved 1048576K
}
Event: 16.505 GC heap before
{Heap before GC invocations=34 (full 0):
 garbage-first heap   total 112640K, used 79913K [0x0000000080000000, 0x0000000100000000)
  region size 1024K, 21 young (21504K), 2 survivors (2048K)
 Metaspace       used 65646K, committed 66176K, reserved 1114112K
  class space    used 9231K, committed 9472K, reserved 1048576K
}
Event: 16.508 GC heap after
{Heap after GC invocations=35 (full 0):
 garbage-first heap   total 112640K, used 61870K [0x0000000080000000, 0x0000000100000000)
  region size 1024K, 2 young (2048K), 2 survivors (2048K)
 Metaspace       used 65646K, committed 66176K, reserved 1114112K
  class space    used 9231K, committed 9472K, reserved 1048576K
}
Event: 17.368 GC heap before
{Heap before GC invocations=35 (full 0):
 garbage-first heap   total 112640K, used 86446K [0x0000000080000000, 0x0000000100000000)
  region size 1024K, 26 young (26624K), 2 survivors (2048K)
 Metaspace       used 69058K, committed 69696K, reserved 1114112K
  class space    used 9711K, committed 9984K, reserved 1048576K
}
Event: 17.375 GC heap after
{Heap after GC invocations=36 (full 0):
 garbage-first heap   total 112640K, used 63705K [0x0000000080000000, 0x0000000100000000)
  region size 1024K, 4 young (4096K), 4 survivors (4096K)
 Metaspace       used 69058K, committed 69696K, reserved 1114112K
  class space    used 9711K, committed 9984K, reserved 1048576K
}
Event: 17.656 GC heap before
{Heap before GC invocations=37 (full 0):
 garbage-first heap   total 112640K, used 66777K [0x0000000080000000, 0x0000000100000000)
  region size 1024K, 8 young (8192K), 4 survivors (4096K)
 Metaspace       used 70021K, committed 70656K, reserved 1114112K
  class space    used 9825K, committed 10112K, reserved 1048576K
}
Event: 17.660 GC heap after
{Heap after GC invocations=38 (full 0):
 garbage-first heap   total 112640K, used 64238K [0x0000000080000000, 0x0000000100000000)
  region size 1024K, 3 young (3072K), 3 survivors (3072K)
 Metaspace       used 70021K, committed 70656K, reserved 1114112K
  class space    used 9825K, committed 10112K, reserved 1048576K
}

