# JRE version: OpenJDK Runtime Environment (17.0.7) (build 17.0.7+0-b2043.56-10550314)
# Java VM: OpenJDK 64-Bit Server VM (17.0.7+0-b2043.56-10550314, mixed mode, tiered, compressed oops, compressed class ptrs, g1 gc, windows-amd64)
GC Precious Log:
 CPUs: 8 total, 8 available
 Memory: 7103M
 Large Page Support: Disabled
 NUMA Support: Disabled
 Compressed Oops: Enabled (32-bit)
 Heap Region Size: 1M
 Heap Min Capacity: 8M
 Heap Initial Capacity: 112M
 Heap Max Capacity: 2G
 Pre-touch: Disabled
 Parallel Workers: 8
 Concurrent Workers: 2
 Concurrent Refinement Workers: 8
 Periodic GC: Disabled
Heap:
 garbage-first heap   total 193536K, used 115008K [0x0000000080000000, 0x0000000100000000)
  region size 1024K, 4 young (4096K), 1 survivors (1024K)
 Metaspace       used 82191K, committed 83008K, reserved 1179648K
  class space    used 11121K, committed 11520K, reserved 1048576K
GC Heap History (20 events):
Event: 15.311 GC heap before
{Heap before GC invocations=39 (full 0):
 garbage-first heap   total 173056K, used 99764K [0x0000000080000000, 0x0000000100000000)
  region size 1024K, 8 young (8192K), 2 survivors (2048K)
 Metaspace       used 62759K, committed 63488K, reserved 1114112K
  class space    used 8453K, committed 8768K, reserved 1048576K
}
Event: 15.314 GC heap after
{Heap after GC invocations=40 (full 0):
 garbage-first heap   total 173056K, used 94450K [0x0000000080000000, 0x0000000100000000)
  region size 1024K, 1 young (1024K), 1 survivors (1024K)
 Metaspace       used 62759K, committed 63488K, reserved 1114112K
  class space    used 8453K, committed 8768K, reserved 1048576K
}
Event: 16.232 GC heap before
{Heap before GC invocations=40 (full 0):
 garbage-first heap   total 173056K, used 130290K [0x0000000080000000, 0x0000000100000000)
  region size 1024K, 36 young (36864K), 1 survivors (1024K)
 Metaspace       used 67822K, committed 68608K, reserved 1114112K
  class space    used 9130K, committed 9472K, reserved 1048576K
}
Event: 16.236 GC heap after
{Heap after GC invocations=41 (full 0):
 garbage-first heap   total 173056K, used 96859K [0x0000000080000000, 0x0000000100000000)
  region size 1024K, 3 young (3072K), 3 survivors (3072K)
 Metaspace       used 67822K, committed 68608K, reserved 1114112K
  class space    used 9130K, committed 9472K, reserved 1048576K
}
Event: 16.892 GC heap before
{Heap before GC invocations=42 (full 0):
 garbage-first heap   total 173056K, used 139867K [0x0000000080000000, 0x0000000100000000)
  region size 1024K, 39 young (39936K), 3 survivors (3072K)
 Metaspace       used 70019K, committed 70656K, reserved 1114112K
  class space    used 9435K, committed 9728K, reserved 1048576K
}
Event: 16.898 GC heap after
{Heap after GC invocations=43 (full 0):
 garbage-first heap   total 173056K, used 100170K [0x0000000080000000, 0x0000000100000000)
  region size 1024K, 5 young (5120K), 5 survivors (5120K)
 Metaspace       used 70019K, committed 70656K, reserved 1114112K
  class space    used 9435K, committed 9728K, reserved 1048576K
}
Event: 16.949 GC heap before
{Heap before GC invocations=43 (full 0):
 garbage-first heap   total 173056K, used 103242K [0x0000000080000000, 0x0000000100000000)
  region size 1024K, 8 young (8192K), 5 survivors (5120K)
 Metaspace       used 70213K, committed 70912K, reserved 1114112K
  class space    used 9461K, committed 9792K, reserved 1048576K
}
Event: 16.955 GC heap after
{Heap after GC invocations=44 (full 0):
 garbage-first heap   total 173056K, used 100586K [0x0000000080000000, 0x0000000100000000)
  region size 1024K, 1 young (1024K), 1 survivors (1024K)
 Metaspace       used 70213K, committed 70912K, reserved 1114112K
  class space    used 9461K, committed 9792K, reserved 1048576K
}
Event: 17.896 GC heap before
{Heap before GC invocations=44 (full 0):
 garbage-first heap   total 173056K, used 136426K [0x0000000080000000, 0x0000000100000000)
  region size 1024K, 36 young (36864K), 1 survivors (1024K)
 Metaspace       used 72894K, committed 73536K, reserved 1114112K
  class space    used 9838K, committed 10112K, reserved 1048576K
}
Event: 17.900 GC heap after
{Heap after GC invocations=45 (full 0):
 garbage-first heap   total 173056K, used 101828K [0x0000000080000000, 0x0000000100000000)
  region size 1024K, 2 young (2048K), 2 survivors (2048K)
 Metaspace       used 72894K, committed 73536K, reserved 1114112K
  class space    used 9838K, committed 10112K, reserved 1048576K
}
Event: 18.810 GC heap before
{Heap before GC invocations=46 (full 0):
 garbage-first heap   total 174080K, used 143812K [0x0000000080000000, 0x0000000100000000)
  region size 1024K, 39 young (39936K), 2 survivors (2048K)
 Metaspace       used 76701K, committed 77504K, reserved 1179648K
  class space    used 10368K, committed 10752K, reserved 1048576K
}
Event: 18.816 GC heap after
{Heap after GC invocations=47 (full 0):
 garbage-first heap   total 174080K, used 107922K [0x0000000080000000, 0x0000000100000000)
  region size 1024K, 4 young (4096K), 4 survivors (4096K)
 Metaspace       used 76701K, committed 77504K, reserved 1179648K
  class space    used 10368K, committed 10752K, reserved 1048576K
}
Event: 18.892 GC heap before
{Heap before GC invocations=47 (full 0):
 garbage-first heap   total 174080K, used 110994K [0x0000000080000000, 0x0000000100000000)
  region size 1024K, 8 young (8192K), 4 survivors (4096K)
 Metaspace       used 77103K, committed 77824K, reserved 1179648K
  class space    used 10423K, committed 10752K, reserved 1048576K
}
Event: 18.896 GC heap after
{Heap after GC invocations=48 (full 0):
 garbage-first heap   total 174080K, used 108529K [0x0000000080000000, 0x0000000100000000)
  region size 1024K, 1 young (1024K), 1 survivors (1024K)
 Metaspace       used 77103K, committed 77824K, reserved 1179648K
  class space    used 10423K, committed 10752K, reserved 1048576K
}
Event: 19.711 GC heap before
{Heap before GC invocations=48 (full 0):
 garbage-first heap   total 174080K, used 143345K [0x0000000080000000, 0x0000000100000000)
  region size 1024K, 35 young (35840K), 1 survivors (1024K)
 Metaspace       used 79885K, committed 80640K, reserved 1179648K
  class space    used 10809K, committed 11136K, reserved 1048576K
}
Event: 19.715 GC heap after
{Heap after GC invocations=49 (full 0):
 garbage-first heap   total 174080K, used 110238K [0x0000000080000000, 0x0000000100000000)
  region size 1024K, 3 young (3072K), 3 survivors (3072K)
 Metaspace       used 79885K, committed 80640K, reserved 1179648K
  class space    used 10809K, committed 11136K, reserved 1048576K
}
Event: 20.429 GC heap before
{Heap before GC invocations=50 (full 0):
 garbage-first heap   total 193536K, used 141982K [0x0000000080000000, 0x0000000100000000)
  region size 1024K, 35 young (35840K), 3 survivors (3072K)
 Metaspace       used 81379K, committed 82112K, reserved 1179648K
  class space    used 10997K, committed 11328K, reserved 1048576K
}
Event: 20.435 GC heap after
{Heap after GC invocations=51 (full 0):
 garbage-first heap   total 193536K, used 112735K [0x0000000080000000, 0x0000000100000000)
  region size 1024K, 5 young (5120K), 5 survivors (5120K)
 Metaspace       used 81379K, committed 82112K, reserved 1179648K
  class space    used 10997K, committed 11328K, reserved 1048576K
}
Event: 20.553 GC heap before
{Heap before GC invocations=51 (full 0):
 garbage-first heap   total 193536K, used 116831K [0x0000000080000000, 0x0000000100000000)
  region size 1024K, 9 young (9216K), 5 survivors (5120K)
 Metaspace       used 81899K, committed 82688K, reserved 1179648K
  class space    used 11080K, committed 11456K, reserved 1048576K
}
Event: 20.559 GC heap after
{Heap after GC invocations=52 (full 0):
 garbage-first heap   total 193536K, used 112960K [0x0000000080000000, 0x0000000100000000)
  region size 1024K, 1 young (1024K), 1 survivors (1024K)
 Metaspace       used 81899K, committed 82688K, reserved 1179648K
  class space    used 11080K, committed 11456K, reserved 1048576K
}

