# JRE version: OpenJDK Runtime Environment (17.0.7) (build 17.0.7+0-b2043.56-10550314)
# Java VM: OpenJDK 64-Bit Server VM (17.0.7+0-b2043.56-10550314, mixed mode, tiered, compressed oops, compressed class ptrs, g1 gc, windows-amd64)
GC Precious Log:
 CPUs: 8 total, 8 available
 Memory: 7103M
 Large Page Support: Disabled
 NUMA Support: Disabled
 Compressed Oops: Enabled (32-bit)
 Heap Region Size: 1M
 Heap Min Capacity: 8M
 Heap Initial Capacity: 112M
 Heap Max Capacity: 2G
 Pre-touch: Disabled
 Parallel Workers: 8
 Concurrent Workers: 2
 Concurrent Refinement Workers: 8
 Periodic GC: Disabled
Heap:
 garbage-first heap   total 132096K, used 79208K [0x0000000080000000, 0x0000000100000000)
  region size 1024K, 16 young (16384K), 2 survivors (2048K)
 Metaspace       used 50326K, committed 50816K, reserved 1114112K
  class space    used 6596K, committed 6784K, reserved 1048576K
GC Heap History (20 events):
Event: 9.066 GC heap before
{Heap before GC invocations=9 (full 0):
 garbage-first heap   total 81920K, used 54312K [0x0000000080000000, 0x0000000100000000)
  region size 1024K, 10 young (10240K), 1 survivors (1024K)
 Metaspace       used 30970K, committed 31296K, reserved 1114112K
  class space    used 4231K, committed 4416K, reserved 1048576K
}
Event: 9.069 GC heap after
{Heap after GC invocations=10 (full 0):
 garbage-first heap   total 81920K, used 48446K [0x0000000080000000, 0x0000000100000000)
  region size 1024K, 2 young (2048K), 2 survivors (2048K)
 Metaspace       used 30970K, committed 31296K, reserved 1114112K
  class space    used 4231K, committed 4416K, reserved 1048576K
}
Event: 9.518 GC heap before
{Heap before GC invocations=10 (full 0):
 garbage-first heap   total 81920K, used 61758K [0x0000000080000000, 0x0000000100000000)
  region size 1024K, 15 young (15360K), 2 survivors (2048K)
 Metaspace       used 32581K, committed 32960K, reserved 1114112K
  class space    used 4496K, committed 4672K, reserved 1048576K
}
Event: 9.521 GC heap after
{Heap after GC invocations=11 (full 0):
 garbage-first heap   total 81920K, used 48806K [0x0000000080000000, 0x0000000100000000)
  region size 1024K, 1 young (1024K), 1 survivors (1024K)
 Metaspace       used 32581K, committed 32960K, reserved 1114112K
  class space    used 4496K, committed 4672K, reserved 1048576K
}
Event: 9.970 GC heap before
{Heap before GC invocations=12 (full 0):
 garbage-first heap   total 86016K, used 63142K [0x0000000080000000, 0x0000000100000000)
  region size 1024K, 15 young (15360K), 1 survivors (1024K)
 Metaspace       used 34429K, committed 34816K, reserved 1114112K
  class space    used 4769K, committed 4928K, reserved 1048576K
}
Event: 9.973 GC heap after
{Heap after GC invocations=13 (full 0):
 garbage-first heap   total 86016K, used 49448K [0x0000000080000000, 0x0000000100000000)
  region size 1024K, 2 young (2048K), 2 survivors (2048K)
 Metaspace       used 34429K, committed 34816K, reserved 1114112K
  class space    used 4769K, committed 4928K, reserved 1048576K
}
Event: 10.444 GC heap before
{Heap before GC invocations=13 (full 0):
 garbage-first heap   total 86016K, used 66856K [0x0000000080000000, 0x0000000100000000)
  region size 1024K, 19 young (19456K), 2 survivors (2048K)
 Metaspace       used 37299K, committed 37632K, reserved 1114112K
  class space    used 5213K, committed 5376K, reserved 1048576K
}
Event: 10.448 GC heap after
{Heap after GC invocations=14 (full 0):
 garbage-first heap   total 86016K, used 50424K [0x0000000080000000, 0x0000000100000000)
  region size 1024K, 3 young (3072K), 3 survivors (3072K)
 Metaspace       used 37299K, committed 37632K, reserved 1114112K
  class space    used 5213K, committed 5376K, reserved 1048576K
}
Event: 10.978 GC heap before
{Heap before GC invocations=15 (full 0):
 garbage-first heap   total 89088K, used 66808K [0x0000000080000000, 0x0000000100000000)
  region size 1024K, 20 young (20480K), 3 survivors (3072K)
 Metaspace       used 41645K, committed 42048K, reserved 1114112K
  class space    used 5649K, committed 5824K, reserved 1048576K
}
Event: 10.984 GC heap after
{Heap after GC invocations=16 (full 0):
 garbage-first heap   total 89088K, used 52781K [0x0000000080000000, 0x0000000100000000)
  region size 1024K, 3 young (3072K), 3 survivors (3072K)
 Metaspace       used 41645K, committed 42048K, reserved 1114112K
  class space    used 5649K, committed 5824K, reserved 1048576K
}
Event: 11.239 GC heap before
{Heap before GC invocations=16 (full 0):
 garbage-first heap   total 89088K, used 70189K [0x0000000080000000, 0x0000000100000000)
  region size 1024K, 21 young (21504K), 3 survivors (3072K)
 Metaspace       used 42763K, committed 43200K, reserved 1114112K
  class space    used 5732K, committed 5952K, reserved 1048576K
}
Event: 11.244 GC heap after
{Heap after GC invocations=17 (full 0):
 garbage-first heap   total 89088K, used 55114K [0x0000000080000000, 0x0000000100000000)
  region size 1024K, 3 young (3072K), 3 survivors (3072K)
 Metaspace       used 42763K, committed 43200K, reserved 1114112K
  class space    used 5732K, committed 5952K, reserved 1048576K
}
Event: 11.433 GC heap before
{Heap before GC invocations=18 (full 0):
 garbage-first heap   total 99328K, used 63306K [0x0000000080000000, 0x0000000100000000)
  region size 1024K, 13 young (13312K), 3 survivors (3072K)
 Metaspace       used 43207K, committed 43648K, reserved 1114112K
  class space    used 5778K, committed 5952K, reserved 1048576K
}
Event: 11.436 GC heap after
{Heap after GC invocations=19 (full 0):
 garbage-first heap   total 99328K, used 55645K [0x0000000080000000, 0x0000000100000000)
  region size 1024K, 2 young (2048K), 2 survivors (2048K)
 Metaspace       used 43207K, committed 43648K, reserved 1114112K
  class space    used 5778K, committed 5952K, reserved 1048576K
}
Event: 12.210 GC heap before
{Heap before GC invocations=20 (full 0):
 garbage-first heap   total 106496K, used 83293K [0x0000000080000000, 0x0000000100000000)
  region size 1024K, 25 young (25600K), 2 survivors (2048K)
 Metaspace       used 46722K, committed 47168K, reserved 1114112K
  class space    used 6205K, committed 6400K, reserved 1048576K
}
Event: 12.215 GC heap after
{Heap after GC invocations=21 (full 0):
 garbage-first heap   total 106496K, used 56937K [0x0000000080000000, 0x0000000100000000)
  region size 1024K, 4 young (4096K), 4 survivors (4096K)
 Metaspace       used 46722K, committed 47168K, reserved 1114112K
  class space    used 6205K, committed 6400K, reserved 1048576K
}
Event: 12.819 GC heap before
{Heap before GC invocations=21 (full 0):
 garbage-first heap   total 106496K, used 77417K [0x0000000080000000, 0x0000000100000000)
  region size 1024K, 25 young (25600K), 4 survivors (4096K)
 Metaspace       used 48262K, committed 48768K, reserved 1114112K
  class space    used 6436K, committed 6656K, reserved 1048576K
}
Event: 12.825 GC heap after
{Heap after GC invocations=22 (full 0):
 garbage-first heap   total 106496K, used 59124K [0x0000000080000000, 0x0000000100000000)
  region size 1024K, 4 young (4096K), 4 survivors (4096K)
 Metaspace       used 48262K, committed 48768K, reserved 1114112K
  class space    used 6436K, committed 6656K, reserved 1048576K
}
Event: 12.926 GC heap before
{Heap before GC invocations=23 (full 0):
 garbage-first heap   total 109568K, used 65268K [0x0000000080000000, 0x0000000100000000)
  region size 1024K, 9 young (9216K), 4 survivors (4096K)
 Metaspace       used 48586K, committed 49024K, reserved 1114112K
  class space    used 6461K, committed 6656K, reserved 1048576K
}
Event: 12.931 GC heap after
{Heap after GC invocations=24 (full 0):
 garbage-first heap   total 132096K, used 63848K [0x0000000080000000, 0x0000000100000000)
  region size 1024K, 2 young (2048K), 2 survivors (2048K)
 Metaspace       used 48586K, committed 49024K, reserved 1114112K
  class space    used 6461K, committed 6656K, reserved 1048576K
}

